<?xml version="1.0" encoding="UTF-8"?>
<!-- Generated by org.testng.reporters.JUnitReportReporter -->
<testsuite hostname="LAPTOP-I9VA5NP4" failures="0" tests="1" name="belmontipenthouse.testNg.Click_On_Buy" time="29.986" errors="0" timestamp="2022-11-22T19:10:35 IST" skipped="0">
  <testcase classname="belmontipenthouse.testNg.Click_On_Buy" name="Click_ON_Buy" time="29.986"/>
  <system-out/>
</testsuite> <!-- belmontipenthouse.testNg.Click_On_Buy -->
