<?xml version="1.0" encoding="UTF-8"?>
<!-- Generated by org.testng.reporters.JUnitReportReporter -->
<testsuite hostname="LAPTOP-I9VA5NP4" failures="0" tests="9" name="belmontipenthouse.testNg.LoginAccount" time="210.775" errors="0" timestamp="2022-11-23T13:13:12 IST" skipped="0">
  <testcase classname="belmontipenthouse.testNg.LoginAccount" name="Verifylogin" time="18.124"/>
  <system-out/>
  <testcase classname="belmontipenthouse.testNg.LoginAccount" name="ClickONBuy" time="28.590"/>
  <system-out/>
  <testcase classname="belmontipenthouse.testNg.LoginAccount" name="ClickOnEnquireNow" time="32.575"/>
  <system-out/>
  <testcase classname="belmontipenthouse.testNg.LoginAccount" name="clickOnReviews" time="23.139"/>
  <system-out/>
  <testcase classname="belmontipenthouse.testNg.LoginAccount" name="clickOnPhotos" time="21.591"/>
  <system-out/>
  <testcase classname="belmontipenthouse.testNg.LoginAccount" name="clickOnfloorplan" time="21.934"/>
  <system-out/>
  <testcase classname="belmontipenthouse.testNg.LoginAccount" name="ClickOnLocation" time="21.987"/>
  <system-out/>
  <testcase classname="belmontipenthouse.testNg.LoginAccount" name="contactUs" time="21.326"/>
  <system-out/>
  <testcase classname="belmontipenthouse.testNg.LoginAccount" name="FAQs" time="21.509"/>
  <system-out/>
</testsuite> <!-- belmontipenthouse.testNg.LoginAccount -->
