<?xml version="1.0" encoding="UTF-8"?>
<!-- Generated by org.testng.reporters.JUnitReportReporter -->
<testsuite hostname="LAPTOP-I9VA5NP4" failures="0" tests="1" name="belmontipenthouse.testNg.FirestTest" time="0.035" errors="0" timestamp="2022-11-21T17:30:22 IST" skipped="0">
  <testcase classname="belmontipenthouse.testNg.FirestTest" name="ClickonBuy" time="0.035"/>
  <system-out/>
</testsuite> <!-- belmontipenthouse.testNg.FirestTest -->
