<?xml version="1.0" encoding="UTF-8"?>
<!-- Generated by org.testng.reporters.JUnitReportReporter -->
<testsuite hostname="LAPTOP-I9VA5NP4" failures="0" tests="1" name="belmontipenthouse.testNg.beforeaftertestmethods" time="0.047" errors="0" timestamp="2022-11-18T18:21:03 IST" skipped="0">
  <testcase classname="belmontipenthouse.testNg.beforeaftertestmethods" name="UserLogin" time="0.047"/>
  <system-out/>
</testsuite> <!-- belmontipenthouse.testNg.beforeaftertestmethods -->
