<?xml version="1.0" encoding="UTF-8"?>
<!-- Generated by org.testng.reporters.JUnitReportReporter -->
<testsuite hostname="LAPTOP-I9VA5NP4" failures="0" tests="2" name="belmontipenthouse.testNg.Basicinformation" time="0.021" errors="0" timestamp="2022-11-18T19:12:49 IST" skipped="0">
  <testcase classname="belmontipenthouse.testNg.Basicinformation" name="regtest" time="0.005"/>
  <system-out/>
  <testcase classname="belmontipenthouse.testNg.Basicinformation" name="logintest" time="0.016"/>
  <system-out/>
</testsuite> <!-- belmontipenthouse.testNg.Basicinformation -->
